<?xml version="1.0" encoding="UTF-8"?>
<!-- Generated by org.testng.reporters.JUnitReportReporter -->
<testsuite hostname="DESKTOP-OR6VU5V" name="com.EasyCalcul.TestCases.VarifyEasyCalLogin" tests="1" failures="0" timestamp="12 Aug 2020 02:00:38 GMT" time="10.590" errors="0">
  <testcase name="Validatelogin" time="10.590" classname="com.EasyCalcul.TestCases.VarifyEasyCalLogin"/>
</testsuite> <!-- com.EasyCalcul.TestCases.VarifyEasyCalLogin -->
