<?xml version="1.0" encoding="UTF-8"?>
<!-- Generated by org.testng.reporters.JUnitReportReporter -->
<testsuite hostname="DESKTOP-OR6VU5V" name="com.wordpress.pages.VarifyWordPressLogin" tests="1" failures="0" timestamp="12 Aug 2020 02:49:55 GMT" time="16.969" errors="0">
  <testcase name="ValidateWordPresslogin" time="16.969" classname="com.wordpress.pages.VarifyWordPressLogin"/>
</testsuite> <!-- com.wordpress.pages.VarifyWordPressLogin -->
