<?xml version="1.0" encoding="UTF-8"?>
<!-- Generated by org.testng.reporters.JUnitReportReporter -->
<testsuite hostname="DESKTOP-OR6VU5V" name="com.OrangeHRM.TestCases.VarifyLoginPage2" tests="1" failures="0" timestamp="12 Aug 2020 01:42:04 GMT" time="18.300" errors="0">
  <testcase name="ValidateHRMlogin" time="18.300" classname="com.OrangeHRM.TestCases.VarifyLoginPage2"/>
</testsuite> <!-- com.OrangeHRM.TestCases.VarifyLoginPage2 -->
