<?xml version="1.0" encoding="UTF-8"?>
<!-- Generated by org.testng.reporters.JUnitReportReporter -->
<testsuite hostname="DESKTOP-OR6VU5V" name="com.OrangeHRM.TestCases.VarifyLoginPage" tests="1" failures="0" timestamp="12 Aug 2020 01:34:07 GMT" time="21.402" errors="0">
  <testcase name="ValidateHRMlogin" time="21.402" classname="com.OrangeHRM.TestCases.VarifyLoginPage"/>
</testsuite> <!-- com.OrangeHRM.TestCases.VarifyLoginPage -->
